#
# There is insufficient memory for the Java Runtime Environment to continue.
# Native memory allocation (malloc) failed to allocate 1384656 bytes for Chunk::new
# Possible reasons:
#   The system is out of physical RAM or swap space
#   The process is running with CompressedOops enabled, and the Java Heap may be blocking the growth of the native heap
# Possible solutions:
#   Reduce memory load on the system
#   Increase physical memory or swap space
#   Check if swap backing store is full
#   Decrease Java heap size (-Xmx/-Xms)
#   Decrease number of Java threads
#   Decrease Java thread stack sizes (-Xss)
#   Set larger code cache with -XX:ReservedCodeCacheSize=
#   JVM is running with Unscaled Compressed Oops mode in which the Java heap is
#     placed in the first 4GB address space. The Java Heap base address is the
#     maximum limit for the native heap growth. Please use -XX:HeapBaseMinAddress
#     to set the Java Heap base and to place the Java Heap above 4GB virtual address.
# This output file may be truncated or incomplete.
#
#  Out of Memory Error (arena.cpp:189), pid=17008, tid=3464
#
# JRE version: OpenJDK Runtime Environment Temurin-17.0.4.1+1 (17.0.4.1+1) (build 17.0.4.1+1)
# Java VM: OpenJDK 64-Bit Server VM Temurin-17.0.4.1+1 (17.0.4.1+1, mixed mode, tiered, compressed oops, compressed class ptrs, parallel gc, windows-amd64)
# No core dump will be written. Minidumps are not enabled by default on client versions of Windows
#

---------------  S U M M A R Y ------------

Command Line: --add-modules=ALL-SYSTEM --add-opens=java.base/java.util=ALL-UNNAMED --add-opens=java.base/java.lang=ALL-UNNAMED --add-opens=java.base/sun.nio.fs=ALL-UNNAMED -Declipse.application=org.eclipse.jdt.ls.core.id1 -Dosgi.bundles.defaultStartLevel=4 -Declipse.product=org.eclipse.jdt.ls.core.product -Djava.import.generatesMetadataFilesAtProjectRoot=false -Dfile.encoding=utf8 -DwatchParentProcess=false -XX:+UseParallelGC -XX:GCTimeRatio=4 -XX:AdaptiveSizePolicyWeight=90 -Dsun.zip.disableMemoryMapping=true -Xmx1G -Xms100m -Xlog:disable -javaagent:c:\Users\Dain\.vscode\extensions\redhat.java-1.11.0-win32-x64\lombok\lombok-1.18.24.jar c:\Users\Dain\.vscode\extensions\redhat.java-1.11.0-win32-x64\server\plugins\org.eclipse.equinox.launcher_1.6.400.v20210924-0641.jar -configuration c:\Users\Dain\AppData\Roaming\Code\User\globalStorage\redhat.java\1.11.0\config_ss_win -data c:\Users\Dain\AppData\Roaming\Code\User\workspaceStorage\65e083cab60cc6c00e24634d902bfc29\redhat.java\ss_ws

Host: Intel(R) Core(TM) i3-10105F CPU @ 3.70GHz, 8 cores, 15G,  Windows 10 , 64 bit Build 19041 (10.0.19041.1889)
Time: Thu Oct 13 11:58:04 2022  Windows 10 , 64 bit Build 19041 (10.0.19041.1889) elapsed time: 5.264415 seconds (0d 0h 0m 5s)

---------------  T H R E A D  ---------------

Current thread (0x000001c860f9adb0):  JavaThread "C2 CompilerThread2" daemon [_thread_in_native, id=3464, stack(0x0000009551c00000,0x0000009551d00000)]


Current CompileTask:
C2:   5264 3756 %     4       org.objectweb.asm.SymbolTable::<init> @ 98 (536 bytes)

Stack: [0x0000009551c00000,0x0000009551d00000]
Native frames: (J=compiled Java code, j=interpreted, Vv=VM code, C=native code)
V  [jvm.dll+0x67731a]
V  [jvm.dll+0x832284]
V  [jvm.dll+0x833a2e]
V  [jvm.dll+0x834093]
V  [jvm.dll+0x245775]
V  [jvm.dll+0xabd7b]
V  [jvm.dll+0xac30c]
V  [jvm.dll+0x2ac80f]
V  [jvm.dll+0x57dd77]
V  [jvm.dll+0x220892]
V  [jvm.dll+0x220c6f]
V  [jvm.dll+0x21a4d5]
V  [jvm.dll+0x21799b]
V  [jvm.dll+0x1a3f8d]
V  [jvm.dll+0x227498]
V  [jvm.dll+0x2255e5]
V  [jvm.dll+0x7e7e9b]
V  [jvm.dll+0x7e240a]
V  [jvm.dll+0x6761a5]
C  [ucrtbase.dll+0x21bb2]
C  [KERNEL32.DLL+0x17034]
C  [ntdll.dll+0x526a1]


---------------  P R O C E S S  ---------------

Threads class SMR info:
_java_thread_list=0x000001c85e82ef90, length=26, elements={
0x000001c845fb56d0, 0x000001c859e470d0, 0x000001c859e486a0, 0x000001c85c40f130,
0x000001c85c3e25a0, 0x000001c85c3e4710, 0x000001c85c3eb080, 0x000001c85c411770,
0x000001c85c412810, 0x000001c85c4139a0, 0x000001c85c54dc20, 0x000001c85c737030,
0x000001c85cdb6bb0, 0x000001c85c8202d0, 0x000001c85d9bf460, 0x000001c85d9d1830,
0x000001c85dbc9b50, 0x000001c85dafb740, 0x000001c85daf2a40, 0x000001c85dcaa050,
0x000001c85e7700d0, 0x000001c85df6fe70, 0x000001c860f9adb0, 0x000001c85e76da50,
0x000001c85e76d580, 0x000001c85e76df20
}

Java Threads: ( => current thread )
  0x000001c845fb56d0 JavaThread "main" [_thread_blocked, id=17608, stack(0x000000954fd00000,0x000000954fe00000)]
  0x000001c859e470d0 JavaThread "Reference Handler" daemon [_thread_blocked, id=34752, stack(0x0000009550000000,0x0000009550100000)]
  0x000001c859e486a0 JavaThread "Finalizer" daemon [_thread_blocked, id=8472, stack(0x0000009550100000,0x0000009550200000)]
  0x000001c85c40f130 JavaThread "Signal Dispatcher" daemon [_thread_blocked, id=22752, stack(0x0000009550200000,0x0000009550300000)]
  0x000001c85c3e25a0 JavaThread "Attach Listener" daemon [_thread_blocked, id=27952, stack(0x0000009550300000,0x0000009550400000)]
  0x000001c85c3e4710 JavaThread "Service Thread" daemon [_thread_blocked, id=18720, stack(0x0000009550400000,0x0000009550500000)]
  0x000001c85c3eb080 JavaThread "Monitor Deflation Thread" daemon [_thread_blocked, id=15176, stack(0x0000009550500000,0x0000009550600000)]
  0x000001c85c411770 JavaThread "C2 CompilerThread0" daemon [_thread_in_native, id=29728, stack(0x0000009550600000,0x0000009550700000)]
  0x000001c85c412810 JavaThread "C1 CompilerThread0" daemon [_thread_blocked, id=12524, stack(0x0000009550700000,0x0000009550800000)]
  0x000001c85c4139a0 JavaThread "Sweeper thread" daemon [_thread_blocked, id=38072, stack(0x0000009550800000,0x0000009550900000)]
  0x000001c85c54dc20 JavaThread "Common-Cleaner" daemon [_thread_blocked, id=39540, stack(0x0000009550900000,0x0000009550a00000)]
  0x000001c85c737030 JavaThread "Notification Thread" daemon [_thread_blocked, id=35620, stack(0x0000009550a00000,0x0000009550b00000)]
  0x000001c85cdb6bb0 JavaThread "Active Thread: Equinox Container: bd7f495b-8a94-4af7-bdb3-ea6c60003da0" [_thread_blocked, id=12932, stack(0x0000009551400000,0x0000009551500000)]
  0x000001c85c8202d0 JavaThread "Framework Event Dispatcher: Equinox Container: bd7f495b-8a94-4af7-bdb3-ea6c60003da0" daemon [_thread_blocked, id=31588, stack(0x0000009550c00000,0x0000009550d00000)]
  0x000001c85d9bf460 JavaThread "Start Level: Equinox Container: bd7f495b-8a94-4af7-bdb3-ea6c60003da0" daemon [_thread_blocked, id=12380, stack(0x0000009550d00000,0x0000009550e00000)]
  0x000001c85d9d1830 JavaThread "SCR Component Actor" daemon [_thread_blocked, id=37356, stack(0x0000009551500000,0x0000009551600000)]
  0x000001c85dbc9b50 JavaThread "SCR Component Registry" daemon [_thread_blocked, id=39528, stack(0x0000009551700000,0x0000009551800000)]
  0x000001c85dafb740 JavaThread "Worker-JM" [_thread_blocked, id=36484, stack(0x0000009551800000,0x0000009551900000)]
  0x000001c85daf2a40 JavaThread "Worker-0" [_thread_blocked, id=34584, stack(0x0000009551a00000,0x0000009551b00000)]
  0x000001c85dcaa050 JavaThread "Worker-1" [_thread_blocked, id=23376, stack(0x0000009551b00000,0x0000009551c00000)]
  0x000001c85e7700d0 JavaThread "pool-1-thread-1" [_thread_in_native, id=16208, stack(0x0000009551f00000,0x0000009552000000)]
  0x000001c85df6fe70 JavaThread "C2 CompilerThread1" daemon [_thread_in_native, id=37328, stack(0x0000009551900000,0x0000009551a00000)]
=>0x000001c860f9adb0 JavaThread "C2 CompilerThread2" daemon [_thread_in_native, id=3464, stack(0x0000009551c00000,0x0000009551d00000)]
  0x000001c85e76da50 JavaThread "ForkJoinPool.commonPool-worker-1" daemon [_thread_blocked, id=35460, stack(0x0000009552000000,0x0000009552100000)]
  0x000001c85e76d580 JavaThread "ForkJoinPool.commonPool-worker-2" daemon [_thread_blocked, id=26992, stack(0x0000009552100000,0x0000009552200000)]
  0x000001c85e76df20 JavaThread "ForkJoinPool.commonPool-worker-3" daemon [_thread_blocked, id=31572, stack(0x0000009552200000,0x0000009552300000)]

Other Threads:
  0x000001c859e425d0 VMThread "VM Thread" [stack: 0x000000954ff00000,0x0000009550000000] [id=3176]
  0x000001c85c6d8460 WatcherThread [stack: 0x0000009550b00000,0x0000009550c00000] [id=29540]
  0x000001c845fcd930 GCTaskThread "GC Thread#0" [stack: 0x000000954fe00000,0x000000954ff00000] [id=35316]
  0x000001c85d8eb0f0 GCTaskThread "GC Thread#1" [stack: 0x0000009550e00000,0x0000009550f00000] [id=20684]
  0x000001c85ce9d040 GCTaskThread "GC Thread#2" [stack: 0x0000009550f00000,0x0000009551000000] [id=36136]
  0x000001c85ce9d2f0 GCTaskThread "GC Thread#3" [stack: 0x0000009551000000,0x0000009551100000] [id=17808]
  0x000001c85cb3f2f0 GCTaskThread "GC Thread#4" [stack: 0x0000009551100000,0x0000009551200000] [id=20088]
  0x000001c85cb3f5a0 GCTaskThread "GC Thread#5" [stack: 0x0000009551200000,0x0000009551300000] [id=34284]
  0x000001c85cb3f850 GCTaskThread "GC Thread#6" [stack: 0x0000009551300000,0x0000009551400000] [id=12216]
  0x000001c85dbce020 GCTaskThread "GC Thread#7" [stack: 0x0000009551600000,0x0000009551700000] [id=13048]

Threads with active compile tasks:
C2 CompilerThread0     5307 3721       4       org.objectweb.asm.ClassReader::readMethod (1066 bytes)
C2 CompilerThread1     5308 3749 %     4       org.objectweb.asm.ClassReader::readCode @ 2186 (5109 bytes)
C2 CompilerThread2     5308 3756 %     4       org.objectweb.asm.SymbolTable::<init> @ 98 (536 bytes)

VM state: not at safepoint (normal execution)

VM Mutex/Monitor currently owned by a thread: None

Heap address: 0x00000000c0000000, size: 1024 MB, Compressed Oops mode: 32-bit

CDS archive(s) not mapped
Compressed class space mapped at: 0x0000000100000000-0x0000000140000000, reserved size: 1073741824
Narrow klass base: 0x0000000000000000, Narrow klass shift: 3, Narrow klass range: 0x140000000

GC Precious Log:
 CPUs: 8 total, 8 available
 Memory: 16314M
 Large Page Support: Disabled
 NUMA Support: Disabled
 Compressed Oops: Enabled (32-bit)
 Alignments: Space 512K, Generation 512K, Heap 2M
 Heap Min Capacity: 100M
 Heap Initial Capacity: 100M
 Heap Max Capacity: 1G
 Pre-touch: Disabled
 Parallel Workers: 8

Heap:
 PSYoungGen      total 21504K, used 21145K [0x00000000eab00000, 0x00000000ec200000, 0x0000000100000000)
  eden space 20480K, 99% used [0x00000000eab00000,0x00000000ebee7318,0x00000000ebf00000)
  from space 1024K, 74% used [0x00000000ec100000,0x00000000ec1bf238,0x00000000ec200000)
  to   space 1024K, 0% used [0x00000000ec000000,0x00000000ec000000,0x00000000ec100000)
 ParOldGen       total 68608K, used 24013K [0x00000000c0000000, 0x00000000c4300000, 0x00000000eab00000)
  object space 68608K, 35% used [0x00000000c0000000,0x00000000c17735e0,0x00000000c4300000)
 Metaspace       used 40726K, committed 41344K, reserved 1089536K
  class space    used 4155K, committed 4416K, reserved 1048576K

Card table byte_map: [0x000001c845980000,0x000001c845b90000] _byte_map_base: 0x000001c845380000

Marking Bits: (ParMarkBitMap*) 0x00007fffcf8d2cc0
 Begin Bits: [0x000001c857c50000, 0x000001c858c50000)
 End Bits:   [0x000001c858c50000, 0x000001c859c50000)

Polling page: 0x000001c843dc0000

Metaspace:

Usage:
  Non-class:     35.71 MB used.
      Class:      4.06 MB used.
       Both:     39.77 MB used.

Virtual space:
  Non-class space:       40.00 MB reserved,      36.06 MB ( 90%) committed,  5 nodes.
      Class space:        1.00 GB reserved,       4.31 MB ( <1%) committed,  1 nodes.
             Both:        1.04 GB reserved,      40.38 MB (  4%) committed. 

Chunk freelists:
   Non-Class:  3.56 MB
       Class:  3.50 MB
        Both:  7.06 MB

MaxMetaspaceSize: unlimited
CompressedClassSpaceSize: 1.00 GB
Initial GC threshold: 21.00 MB
Current GC threshold: 58.38 MB
CDS: off
MetaspaceReclaimPolicy: balanced
 - commit_granule_bytes: 65536.
 - commit_granule_words: 8192.
 - virtual_space_node_default_size: 1048576.
 - enlarge_chunks_in_place: 1.
 - new_chunks_are_fully_committed: 0.
 - uncommit_free_chunks: 1.
 - use_allocation_guard: 0.
 - handle_deallocations: 1.


Internal statistics:

num_allocs_failed_limit: 6.
num_arena_births: 270.
num_arena_deaths: 14.
num_vsnodes_births: 6.
num_vsnodes_deaths: 0.
num_space_committed: 646.
num_space_uncommitted: 0.
num_chunks_returned_to_freelist: 20.
num_chunks_taken_from_freelist: 1516.
num_chunk_merges: 10.
num_chunk_splits: 1036.
num_chunks_enlarged: 747.
num_purges: 2.
num_inconsistent_stats: 0.

CodeHeap 'non-profiled nmethods': size=120000Kb used=1841Kb max_used=1841Kb free=118158Kb
 bounds [0x000001c850720000, 0x000001c850990000, 0x000001c857c50000]
CodeHeap 'profiled nmethods': size=120000Kb used=8041Kb max_used=8041Kb free=111958Kb
 bounds [0x000001c8491f0000, 0x000001c8499d0000, 0x000001c850720000]
CodeHeap 'non-nmethods': size=5760Kb used=1294Kb max_used=1328Kb free=4465Kb
 bounds [0x000001c848c50000, 0x000001c848ec0000, 0x000001c8491f0000]
 total_blobs=4442 nmethods=3819 adapters=537
 compilation: enabled
              stopped_count=0, restarted_count=0
 full_count=0

Compilation events (20 events):
Event: 5.240 Thread 0x000001c85c412810 nmethod 3801 0x000001c8499a9290 code [0x000001c8499a9460, 0x000001c8499a98c8]
Event: 5.244 Thread 0x000001c85c412810 3803       3       java.lang.StackTraceElement::<init> (10 bytes)
Event: 5.244 Thread 0x000001c85c412810 nmethod 3803 0x000001c8499a9990 code [0x000001c8499a9b20, 0x000001c8499a9c98]
Event: 5.244 Thread 0x000001c85c412810 3804  s!   3       java.lang.StackTraceElement::computeFormat (71 bytes)
Event: 5.245 Thread 0x000001c85c412810 nmethod 3804 0x000001c8499a9d90 code [0x000001c8499a9fa0, 0x000001c8499aa7f8]
Event: 5.245 Thread 0x000001c85c412810 3805       3       java.lang.StackTraceElement::isHashedInJavaBase (31 bytes)
Event: 5.245 Thread 0x000001c85c412810 nmethod 3805 0x000001c8499aaa90 code [0x000001c8499aac80, 0x000001c8499ab198]
Event: 5.245 Thread 0x000001c85c412810 3806       3       java.lang.Module::getLayer (43 bytes)
Event: 5.245 Thread 0x000001c85c412810 nmethod 3806 0x000001c8499ab310 code [0x000001c8499ab4e0, 0x000001c8499ab8a8]
Event: 5.245 Thread 0x000001c85c412810 3807       3       java.io.Writer::write (11 bytes)
Event: 5.246 Thread 0x000001c85c412810 nmethod 3807 0x000001c8499ab990 code [0x000001c8499abb40, 0x000001c8499abe08]
Event: 5.246 Thread 0x000001c85c412810 3808       3       com.google.gson.stream.JsonReader::nextString (197 bytes)
Event: 5.247 Thread 0x000001c85c412810 nmethod 3808 0x000001c8499abf90 code [0x000001c8499ac280, 0x000001c8499ad128]
Event: 5.248 Thread 0x000001c85c412810 3809       3       jdk.internal.reflect.UnsafeObjectFieldAccessorImpl::get (17 bytes)
Event: 5.249 Thread 0x000001c85c412810 nmethod 3809 0x000001c8499ad590 code [0x000001c8499ad780, 0x000001c8499add48]
Event: 5.252 Thread 0x000001c85c412810 3810       3       java.lang.Class::getInterfaces (6 bytes)
Event: 5.252 Thread 0x000001c85c412810 nmethod 3810 0x000001c8499adf90 code [0x000001c8499ae120, 0x000001c8499ae268]
Event: 5.253 Thread 0x000001c85c412810 3811       3       java.lang.Integer::toString (55 bytes)
Event: 5.253 Thread 0x000001c85c412810 nmethod 3811 0x000001c8499ae310 code [0x000001c8499ae4e0, 0x000001c8499ae818]
Event: 5.260 Thread 0x000001c85c412810 3815       3       java.lang.StringBuilder::charAt (6 bytes)

GC Heap History (20 events):
Event: 4.080 GC heap before
{Heap before GC invocations=9 (full 1):
 PSYoungGen      total 25600K, used 25594K [0x00000000eab00000, 0x00000000ec780000, 0x0000000100000000)
  eden space 24064K, 100% used [0x00000000eab00000,0x00000000ec280000,0x00000000ec280000)
  from space 1536K, 99% used [0x00000000ec500000,0x00000000ec67e820,0x00000000ec680000)
  to   space 1024K, 0% used [0x00000000ec680000,0x00000000ec680000,0x00000000ec780000)
 ParOldGen       total 68608K, used 8188K [0x00000000c0000000, 0x00000000c4300000, 0x00000000eab00000)
  object space 68608K, 11% used [0x00000000c0000000,0x00000000c07ff310,0x00000000c4300000)
 Metaspace       used 34412K, committed 35072K, reserved 1081344K
  class space    used 3487K, committed 3776K, reserved 1048576K
}
Event: 4.083 GC heap after
{Heap after GC invocations=9 (full 1):
 PSYoungGen      total 24576K, used 996K [0x00000000eab00000, 0x00000000eca00000, 0x0000000100000000)
  eden space 23552K, 0% used [0x00000000eab00000,0x00000000eab00000,0x00000000ec200000)
  from space 1024K, 97% used [0x00000000ec680000,0x00000000ec779278,0x00000000ec780000)
  to   space 4096K, 0% used [0x00000000ec200000,0x00000000ec200000,0x00000000ec600000)
 ParOldGen       total 68608K, used 10621K [0x00000000c0000000, 0x00000000c4300000, 0x00000000eab00000)
  object space 68608K, 15% used [0x00000000c0000000,0x00000000c0a5f680,0x00000000c4300000)
 Metaspace       used 34412K, committed 35072K, reserved 1081344K
  class space    used 3487K, committed 3776K, reserved 1048576K
}
Event: 4.176 GC heap before
{Heap before GC invocations=10 (full 1):
 PSYoungGen      total 24576K, used 24548K [0x00000000eab00000, 0x00000000eca00000, 0x0000000100000000)
  eden space 23552K, 100% used [0x00000000eab00000,0x00000000ec200000,0x00000000ec200000)
  from space 1024K, 97% used [0x00000000ec680000,0x00000000ec779278,0x00000000ec780000)
  to   space 4096K, 0% used [0x00000000ec200000,0x00000000ec200000,0x00000000ec600000)
 ParOldGen       total 68608K, used 10621K [0x00000000c0000000, 0x00000000c4300000, 0x00000000eab00000)
  object space 68608K, 15% used [0x00000000c0000000,0x00000000c0a5f680,0x00000000c4300000)
 Metaspace       used 34588K, committed 35264K, reserved 1081344K
  class space    used 3506K, committed 3776K, reserved 1048576K
}
Event: 4.178 GC heap after
{Heap after GC invocations=10 (full 1):
 PSYoungGen      total 26112K, used 3044K [0x00000000eab00000, 0x00000000ec880000, 0x0000000100000000)
  eden space 23040K, 0% used [0x00000000eab00000,0x00000000eab00000,0x00000000ec180000)
  from space 3072K, 99% used [0x00000000ec200000,0x00000000ec4f93b8,0x00000000ec500000)
  to   space 3584K, 0% used [0x00000000ec500000,0x00000000ec500000,0x00000000ec880000)
 ParOldGen       total 68608K, used 10978K [0x00000000c0000000, 0x00000000c4300000, 0x00000000eab00000)
  object space 68608K, 16% used [0x00000000c0000000,0x00000000c0ab8978,0x00000000c4300000)
 Metaspace       used 34588K, committed 35264K, reserved 1081344K
  class space    used 3506K, committed 3776K, reserved 1048576K
}
Event: 4.242 GC heap before
{Heap before GC invocations=11 (full 1):
 PSYoungGen      total 26112K, used 26084K [0x00000000eab00000, 0x00000000ec880000, 0x0000000100000000)
  eden space 23040K, 100% used [0x00000000eab00000,0x00000000ec180000,0x00000000ec180000)
  from space 3072K, 99% used [0x00000000ec200000,0x00000000ec4f93b8,0x00000000ec500000)
  to   space 3584K, 0% used [0x00000000ec500000,0x00000000ec500000,0x00000000ec880000)
 ParOldGen       total 68608K, used 10978K [0x00000000c0000000, 0x00000000c4300000, 0x00000000eab00000)
  object space 68608K, 16% used [0x00000000c0000000,0x00000000c0ab8978,0x00000000c4300000)
 Metaspace       used 34670K, committed 35328K, reserved 1081344K
  class space    used 3518K, committed 3776K, reserved 1048576K
}
Event: 4.246 GC heap after
{Heap after GC invocations=11 (full 1):
 PSYoungGen      total 24064K, used 3552K [0x00000000eab00000, 0x00000000ecd00000, 0x0000000100000000)
  eden space 20480K, 0% used [0x00000000eab00000,0x00000000eab00000,0x00000000ebf00000)
  from space 3584K, 99% used [0x00000000ec500000,0x00000000ec878010,0x00000000ec880000)
  to   space 6144K, 0% used [0x00000000ebf00000,0x00000000ebf00000,0x00000000ec500000)
 ParOldGen       total 68608K, used 13027K [0x00000000c0000000, 0x00000000c4300000, 0x00000000eab00000)
  object space 68608K, 18% used [0x00000000c0000000,0x00000000c0cb8f58,0x00000000c4300000)
 Metaspace       used 34670K, committed 35328K, reserved 1081344K
  class space    used 3518K, committed 3776K, reserved 1048576K
}
Event: 4.279 GC heap before
{Heap before GC invocations=12 (full 1):
 PSYoungGen      total 24064K, used 24032K [0x00000000eab00000, 0x00000000ecd00000, 0x0000000100000000)
  eden space 20480K, 100% used [0x00000000eab00000,0x00000000ebf00000,0x00000000ebf00000)
  from space 3584K, 99% used [0x00000000ec500000,0x00000000ec878010,0x00000000ec880000)
  to   space 6144K, 0% used [0x00000000ebf00000,0x00000000ebf00000,0x00000000ec500000)
 ParOldGen       total 68608K, used 13027K [0x00000000c0000000, 0x00000000c4300000, 0x00000000eab00000)
  object space 68608K, 18% used [0x00000000c0000000,0x00000000c0cb8f58,0x00000000c4300000)
 Metaspace       used 34670K, committed 35328K, reserved 1081344K
  class space    used 3518K, committed 3776K, reserved 1048576K
}
Event: 4.283 GC heap after
{Heap after GC invocations=12 (full 1):
 PSYoungGen      total 23040K, used 2336K [0x00000000eab00000, 0x00000000ec600000, 0x0000000100000000)
  eden space 20480K, 0% used [0x00000000eab00000,0x00000000eab00000,0x00000000ebf00000)
  from space 2560K, 91% used [0x00000000ebf00000,0x00000000ec148000,0x00000000ec180000)
  to   space 3584K, 0% used [0x00000000ec280000,0x00000000ec280000,0x00000000ec600000)
 ParOldGen       total 68608K, used 16610K [0x00000000c0000000, 0x00000000c4300000, 0x00000000eab00000)
  object space 68608K, 24% used [0x00000000c0000000,0x00000000c1038b20,0x00000000c4300000)
 Metaspace       used 34670K, committed 35328K, reserved 1081344K
  class space    used 3518K, committed 3776K, reserved 1048576K
}
Event: 4.320 GC heap before
{Heap before GC invocations=13 (full 1):
 PSYoungGen      total 23040K, used 22816K [0x00000000eab00000, 0x00000000ec600000, 0x0000000100000000)
  eden space 20480K, 100% used [0x00000000eab00000,0x00000000ebf00000,0x00000000ebf00000)
  from space 2560K, 91% used [0x00000000ebf00000,0x00000000ec148000,0x00000000ec180000)
  to   space 3584K, 0% used [0x00000000ec280000,0x00000000ec280000,0x00000000ec600000)
 ParOldGen       total 68608K, used 16610K [0x00000000c0000000, 0x00000000c4300000, 0x00000000eab00000)
  object space 68608K, 24% used [0x00000000c0000000,0x00000000c1038b20,0x00000000c4300000)
 Metaspace       used 34670K, committed 35328K, reserved 1081344K
  class space    used 3518K, committed 3776K, reserved 1048576K
}
Event: 4.323 GC heap after
{Heap after GC invocations=13 (full 1):
 PSYoungGen      total 23040K, used 2496K [0x00000000eab00000, 0x00000000ec500000, 0x0000000100000000)
  eden space 20480K, 0% used [0x00000000eab00000,0x00000000eab00000,0x00000000ebf00000)
  from space 2560K, 97% used [0x00000000ec280000,0x00000000ec4f0010,0x00000000ec500000)
  to   space 3072K, 0% used [0x00000000ebf00000,0x00000000ebf00000,0x00000000ec200000)
 ParOldGen       total 68608K, used 18842K [0x00000000c0000000, 0x00000000c4300000, 0x00000000eab00000)
  object space 68608K, 27% used [0x00000000c0000000,0x00000000c1266b20,0x00000000c4300000)
 Metaspace       used 34670K, committed 35328K, reserved 1081344K
  class space    used 3518K, committed 3776K, reserved 1048576K
}
Event: 4.423 GC heap before
{Heap before GC invocations=14 (full 1):
 PSYoungGen      total 23040K, used 18534K [0x00000000eab00000, 0x00000000ec500000, 0x0000000100000000)
  eden space 20480K, 78% used [0x00000000eab00000,0x00000000ebaa9b10,0x00000000ebf00000)
  from space 2560K, 97% used [0x00000000ec280000,0x00000000ec4f0010,0x00000000ec500000)
  to   space 3072K, 0% used [0x00000000ebf00000,0x00000000ebf00000,0x00000000ec200000)
 ParOldGen       total 68608K, used 18842K [0x00000000c0000000, 0x00000000c4300000, 0x00000000eab00000)
  object space 68608K, 27% used [0x00000000c0000000,0x00000000c1266b20,0x00000000c4300000)
 Metaspace       used 35258K, committed 35840K, reserved 1089536K
  class space    used 3575K, committed 3840K, reserved 1048576K
}
Event: 4.425 GC heap after
{Heap after GC invocations=14 (full 1):
 PSYoungGen      total 23040K, used 2380K [0x00000000eab00000, 0x00000000ec400000, 0x0000000100000000)
  eden space 20480K, 0% used [0x00000000eab00000,0x00000000eab00000,0x00000000ebf00000)
  from space 2560K, 92% used [0x00000000ebf00000,0x00000000ec1532b8,0x00000000ec180000)
  to   space 2560K, 0% used [0x00000000ec180000,0x00000000ec180000,0x00000000ec400000)
 ParOldGen       total 68608K, used 21226K [0x00000000c0000000, 0x00000000c4300000, 0x00000000eab00000)
  object space 68608K, 30% used [0x00000000c0000000,0x00000000c14bab30,0x00000000c4300000)
 Metaspace       used 35258K, committed 35840K, reserved 1089536K
  class space    used 3575K, committed 3840K, reserved 1048576K
}
Event: 4.425 GC heap before
{Heap before GC invocations=15 (full 2):
 PSYoungGen      total 23040K, used 2380K [0x00000000eab00000, 0x00000000ec400000, 0x0000000100000000)
  eden space 20480K, 0% used [0x00000000eab00000,0x00000000eab00000,0x00000000ebf00000)
  from space 2560K, 92% used [0x00000000ebf00000,0x00000000ec1532b8,0x00000000ec180000)
  to   space 2560K, 0% used [0x00000000ec180000,0x00000000ec180000,0x00000000ec400000)
 ParOldGen       total 68608K, used 21226K [0x00000000c0000000, 0x00000000c4300000, 0x00000000eab00000)
  object space 68608K, 30% used [0x00000000c0000000,0x00000000c14bab30,0x00000000c4300000)
 Metaspace       used 35258K, committed 35840K, reserved 1089536K
  class space    used 3575K, committed 3840K, reserved 1048576K
}
Event: 4.449 GC heap after
{Heap after GC invocations=15 (full 2):
 PSYoungGen      total 23040K, used 0K [0x00000000eab00000, 0x00000000ec400000, 0x0000000100000000)
  eden space 20480K, 0% used [0x00000000eab00000,0x00000000eab00000,0x00000000ebf00000)
  from space 2560K, 0% used [0x00000000ebf00000,0x00000000ebf00000,0x00000000ec180000)
  to   space 2560K, 0% used [0x00000000ec180000,0x00000000ec180000,0x00000000ec400000)
 ParOldGen       total 68608K, used 22735K [0x00000000c0000000, 0x00000000c4300000, 0x00000000eab00000)
  object space 68608K, 33% used [0x00000000c0000000,0x00000000c1633eb8,0x00000000c4300000)
 Metaspace       used 35258K, committed 35840K, reserved 1089536K
  class space    used 3575K, committed 3840K, reserved 1048576K
}
Event: 4.714 GC heap before
{Heap before GC invocations=16 (full 2):
 PSYoungGen      total 23040K, used 20480K [0x00000000eab00000, 0x00000000ec400000, 0x0000000100000000)
  eden space 20480K, 100% used [0x00000000eab00000,0x00000000ebf00000,0x00000000ebf00000)
  from space 2560K, 0% used [0x00000000ebf00000,0x00000000ebf00000,0x00000000ec180000)
  to   space 2560K, 0% used [0x00000000ec180000,0x00000000ec180000,0x00000000ec400000)
 ParOldGen       total 68608K, used 22735K [0x00000000c0000000, 0x00000000c4300000, 0x00000000eab00000)
  object space 68608K, 33% used [0x00000000c0000000,0x00000000c1633eb8,0x00000000c4300000)
 Metaspace       used 37345K, committed 38016K, reserved 1089536K
  class space    used 3830K, committed 4096K, reserved 1048576K
}
Event: 4.714 GC heap after
{Heap after GC invocations=16 (full 2):
 PSYoungGen      total 21504K, used 698K [0x00000000eab00000, 0x00000000ec280000, 0x0000000100000000)
  eden space 20480K, 0% used [0x00000000eab00000,0x00000000eab00000,0x00000000ebf00000)
  from space 1024K, 68% used [0x00000000ec180000,0x00000000ec22eac0,0x00000000ec280000)
  to   space 1536K, 0% used [0x00000000ebf80000,0x00000000ebf80000,0x00000000ec100000)
 ParOldGen       total 68608K, used 22743K [0x00000000c0000000, 0x00000000c4300000, 0x00000000eab00000)
  object space 68608K, 33% used [0x00000000c0000000,0x00000000c1635eb8,0x00000000c4300000)
 Metaspace       used 37345K, committed 38016K, reserved 1089536K
  class space    used 3830K, committed 4096K, reserved 1048576K
}
Event: 5.060 GC heap before
{Heap before GC invocations=17 (full 2):
 PSYoungGen      total 21504K, used 21178K [0x00000000eab00000, 0x00000000ec280000, 0x0000000100000000)
  eden space 20480K, 100% used [0x00000000eab00000,0x00000000ebf00000,0x00000000ebf00000)
  from space 1024K, 68% used [0x00000000ec180000,0x00000000ec22eac0,0x00000000ec280000)
  to   space 1536K, 0% used [0x00000000ebf80000,0x00000000ebf80000,0x00000000ec100000)
 ParOldGen       total 68608K, used 22743K [0x00000000c0000000, 0x00000000c4300000, 0x00000000eab00000)
  object space 68608K, 33% used [0x00000000c0000000,0x00000000c1635eb8,0x00000000c4300000)
 Metaspace       used 38822K, committed 39488K, reserved 1089536K
  class space    used 3965K, committed 4224K, reserved 1048576K
}
Event: 5.061 GC heap after
{Heap after GC invocations=17 (full 2):
 PSYoungGen      total 22016K, used 1464K [0x00000000eab00000, 0x00000000ec300000, 0x0000000100000000)
  eden space 20480K, 0% used [0x00000000eab00000,0x00000000eab00000,0x00000000ebf00000)
  from space 1536K, 95% used [0x00000000ebf80000,0x00000000ec0ee2a0,0x00000000ec100000)
  to   space 2048K, 0% used [0x00000000ec100000,0x00000000ec100000,0x00000000ec300000)
 ParOldGen       total 68608K, used 23349K [0x00000000c0000000, 0x00000000c4300000, 0x00000000eab00000)
  object space 68608K, 34% used [0x00000000c0000000,0x00000000c16cd460,0x00000000c4300000)
 Metaspace       used 38822K, committed 39488K, reserved 1089536K
  class space    used 3965K, committed 4224K, reserved 1048576K
}
Event: 5.109 GC heap before
{Heap before GC invocations=18 (full 2):
 PSYoungGen      total 22016K, used 21944K [0x00000000eab00000, 0x00000000ec300000, 0x0000000100000000)
  eden space 20480K, 100% used [0x00000000eab00000,0x00000000ebf00000,0x00000000ebf00000)
  from space 1536K, 95% used [0x00000000ebf80000,0x00000000ec0ee2a0,0x00000000ec100000)
  to   space 2048K, 0% used [0x00000000ec100000,0x00000000ec100000,0x00000000ec300000)
 ParOldGen       total 68608K, used 23349K [0x00000000c0000000, 0x00000000c4300000, 0x00000000eab00000)
  object space 68608K, 34% used [0x00000000c0000000,0x00000000c16cd460,0x00000000c4300000)
 Metaspace       used 38872K, committed 39552K, reserved 1089536K
  class space    used 3966K, committed 4224K, reserved 1048576K
}
Event: 5.110 GC heap after
{Heap after GC invocations=18 (full 2):
 PSYoungGen      total 21504K, used 764K [0x00000000eab00000, 0x00000000ec200000, 0x0000000100000000)
  eden space 20480K, 0% used [0x00000000eab00000,0x00000000eab00000,0x00000000ebf00000)
  from space 1024K, 74% used [0x00000000ec100000,0x00000000ec1bf238,0x00000000ec200000)
  to   space 1024K, 0% used [0x00000000ec000000,0x00000000ec000000,0x00000000ec100000)
 ParOldGen       total 68608K, used 24013K [0x00000000c0000000, 0x00000000c4300000, 0x00000000eab00000)
  object space 68608K, 35% used [0x00000000c0000000,0x00000000c17735e0,0x00000000c4300000)
 Metaspace       used 38872K, committed 39552K, reserved 1089536K
  class space    used 3966K, committed 4224K, reserved 1048576K
}

Deoptimization events (20 events):
Event: 5.215 Thread 0x000001c85e7700d0 Uncommon trap: trap_request=0xffffffc6 fr.pc=0x000001c850856154 relative=0x00000000000000b4
Event: 5.215 Thread 0x000001c85e7700d0 Uncommon trap: reason=bimorphic_or_optimized_type_check action=maybe_recompile pc=0x000001c850856154 method=java.util.stream.Sink$ChainedReference.cancellationRequested()Z @ 4 c2
Event: 5.215 Thread 0x000001c85e7700d0 DEOPT PACKING pc=0x000001c850856154 sp=0x0000009551ffd6e0
Event: 5.215 Thread 0x000001c85e7700d0 DEOPT UNPACKING pc=0x000001c848ca20a3 sp=0x0000009551ffd670 mode 2
Event: 5.215 Thread 0x000001c85e7700d0 Uncommon trap: trap_request=0xffffffc6 fr.pc=0x000001c850856154 relative=0x00000000000000b4
Event: 5.215 Thread 0x000001c85e7700d0 Uncommon trap: reason=bimorphic_or_optimized_type_check action=maybe_recompile pc=0x000001c850856154 method=java.util.stream.Sink$ChainedReference.cancellationRequested()Z @ 4 c2
Event: 5.215 Thread 0x000001c85e7700d0 DEOPT PACKING pc=0x000001c850856154 sp=0x0000009551ffd6e0
Event: 5.215 Thread 0x000001c85e7700d0 DEOPT UNPACKING pc=0x000001c848ca20a3 sp=0x0000009551ffd670 mode 2
Event: 5.219 Thread 0x000001c85e7700d0 Uncommon trap: trap_request=0xffffffde fr.pc=0x000001c850867bb8 relative=0x0000000000000d18
Event: 5.219 Thread 0x000001c85e7700d0 Uncommon trap: reason=class_check action=maybe_recompile pc=0x000001c850867bb8 method=java.util.Spliterators$1Adapter.hasNext()Z @ 12 c2
Event: 5.219 Thread 0x000001c85e7700d0 DEOPT PACKING pc=0x000001c850867bb8 sp=0x0000009551ffd850
Event: 5.219 Thread 0x000001c85e7700d0 DEOPT UNPACKING pc=0x000001c848ca20a3 sp=0x0000009551ffd818 mode 2
Event: 5.219 Thread 0x000001c85e7700d0 Uncommon trap: trap_request=0xffffffde fr.pc=0x000001c850867bb8 relative=0x0000000000000d18
Event: 5.219 Thread 0x000001c85e7700d0 Uncommon trap: reason=class_check action=maybe_recompile pc=0x000001c850867bb8 method=java.util.Spliterators$1Adapter.hasNext()Z @ 12 c2
Event: 5.219 Thread 0x000001c85e7700d0 DEOPT PACKING pc=0x000001c850867bb8 sp=0x0000009551ffd850
Event: 5.219 Thread 0x000001c85e7700d0 DEOPT UNPACKING pc=0x000001c848ca20a3 sp=0x0000009551ffd818 mode 2
Event: 5.233 Thread 0x000001c85e7700d0 Uncommon trap: trap_request=0xffffff45 fr.pc=0x000001c85072c710 relative=0x0000000000000190
Event: 5.233 Thread 0x000001c85e7700d0 Uncommon trap: reason=unstable_if action=reinterpret pc=0x000001c85072c710 method=java.lang.String.equals(Ljava/lang/Object;)Z @ 33 c2
Event: 5.233 Thread 0x000001c85e7700d0 DEOPT PACKING pc=0x000001c85072c710 sp=0x0000009551ffe880
Event: 5.233 Thread 0x000001c85e7700d0 DEOPT UNPACKING pc=0x000001c848ca20a3 sp=0x0000009551ffe820 mode 2

Classes unloaded (7 events):
Event: 2.596 Thread 0x000001c859e425d0 Unloading class 0x0000000100210800 'java/lang/invoke/LambdaForm$MH+0x0000000100210800'
Event: 2.596 Thread 0x000001c859e425d0 Unloading class 0x0000000100210400 'java/lang/invoke/LambdaForm$MH+0x0000000100210400'
Event: 2.596 Thread 0x000001c859e425d0 Unloading class 0x0000000100210000 'java/lang/invoke/LambdaForm$MH+0x0000000100210000'
Event: 2.596 Thread 0x000001c859e425d0 Unloading class 0x000000010020fc00 'java/lang/invoke/LambdaForm$MH+0x000000010020fc00'
Event: 2.596 Thread 0x000001c859e425d0 Unloading class 0x000000010020f400 'java/lang/invoke/LambdaForm$BMH+0x000000010020f400'
Event: 2.596 Thread 0x000001c859e425d0 Unloading class 0x000000010020f000 'java/lang/invoke/LambdaForm$DMH+0x000000010020f000'
Event: 2.596 Thread 0x000001c859e425d0 Unloading class 0x000000010020c400 'java/lang/invoke/LambdaForm$DMH+0x000000010020c400'

Classes redefined (0 events):
No events

Internal exceptions (20 events):
Event: 3.693 Thread 0x000001c85d9bf460 Exception <a 'java/lang/UnsatisfiedLinkError'{0x00000000eb4ccec8}: 지정된 프로시저를 찾을 수 없습니다.
> (0x00000000eb4ccec8) 
thrown [s\src\hotspot\share\prims\jni.cpp, line 535]
Event: 3.697 Thread 0x000001c85d9bf460 Exception <a 'java/io/FileNotFoundException'{0x00000000eb4f09f8}> (0x00000000eb4f09f8) 
thrown [s\src\hotspot\share\prims\jni.cpp, line 516]
Event: 3.703 Thread 0x000001c85d9bf460 Exception <a 'java/io/FileNotFoundException'{0x00000000eb563510}> (0x00000000eb563510) 
thrown [s\src\hotspot\share\prims\jni.cpp, line 516]
Event: 3.709 Thread 0x000001c85d9bf460 Exception <a 'java/lang/UnsatisfiedLinkError'{0x00000000eb5ee0d0}: 지정된 프로시저를 찾을 수 없습니다.
> (0x00000000eb5ee0d0) 
thrown [s\src\hotspot\share\prims\jni.cpp, line 535]
Event: 3.737 Thread 0x000001c845fb56d0 Exception <a 'java/lang/NoSuchMethodError'{0x00000000eb898a60}: 'void java.lang.invoke.DirectMethodHandle$Holder.invokeStatic(java.lang.Object, java.lang.Object, java.lang.Object, java.lang.Object)'> (0x00000000eb898a60) 
thrown [s\src\hotspot\share\interpreter\linkResolver.cpp, line 759]
Event: 3.790 Thread 0x000001c845fb56d0 Exception <a 'java/lang/NoSuchMethodError'{0x00000000ebfde390}: 'void java.lang.invoke.DirectMethodHandle$Holder.invokeSpecial(java.lang.Object, java.lang.Object, java.lang.Object, java.lang.Object, java.lang.Object, java.lang.Object)'> (0x00000000ebfde390) 
thrown [s\src\hotspot\share\interpreter\linkResolver.cpp, line 759]
Event: 3.790 Thread 0x000001c845fb56d0 Exception <a 'java/lang/NoSuchMethodError'{0x00000000ebfe5a48}: 'java.lang.Object java.lang.invoke.DirectMethodHandle$Holder.newInvokeSpecial(java.lang.Object, java.lang.Object, java.lang.Object, java.lang.Object, java.lang.Object)'> (0x00000000ebfe5a48) 
thrown [s\src\hotspot\share\interpreter\linkResolver.cpp, line 759]
Event: 3.848 Thread 0x000001c85e7700d0 Exception <a 'java/io/FileNotFoundException'{0x00000000eac8ba08}> (0x00000000eac8ba08) 
thrown [s\src\hotspot\share\prims\jni.cpp, line 516]
Event: 3.884 Thread 0x000001c85e7700d0 Exception <a 'java/lang/NoSuchMethodError'{0x00000000eb0c8e80}: 'int java.lang.invoke.DirectMethodHandle$Holder.invokeVirtual(java.lang.Object, java.lang.Object)'> (0x00000000eb0c8e80) 
thrown [s\src\hotspot\share\interpreter\linkResolver.cpp, line 759]
Event: 3.957 Thread 0x000001c85dcaa050 Exception <a 'java/lang/NoSuchMethodError'{0x00000000eb50fc90}: 'java.lang.Object java.lang.invoke.Invokers$Holder.invoke_MT(java.lang.Object, java.lang.Object, java.lang.Object)'> (0x00000000eb50fc90) 
thrown [s\src\hotspot\share\interpreter\linkResolver.cpp, line 759]
Event: 4.117 Thread 0x000001c85dcaa050 Exception <a 'java/io/FileNotFoundException'{0x00000000eb396848}> (0x00000000eb396848) 
thrown [s\src\hotspot\share\prims\jni.cpp, line 516]
Event: 4.118 Thread 0x000001c85dcaa050 Exception <a 'java/io/FileNotFoundException'{0x00000000eb398640}> (0x00000000eb398640) 
thrown [s\src\hotspot\share\prims\jni.cpp, line 516]
Event: 4.119 Thread 0x000001c85dcaa050 Exception <a 'java/lang/NoSuchMethodError'{0x00000000eb3a4ca8}: 'void java.lang.invoke.DirectMethodHandle$Holder.invokeStaticInit(java.lang.Object, java.lang.Object, java.lang.Object)'> (0x00000000eb3a4ca8) 
thrown [s\src\hotspot\share\interpreter\linkResolver.cpp, line 759]
Event: 4.358 Thread 0x000001c85dcaa050 Exception <a 'java/lang/NoSuchMethodError'{0x00000000eb7137c8}: 'java.lang.Object java.lang.invoke.DirectMethodHandle$Holder.newInvokeSpecial(java.lang.Object, java.lang.Object, java.lang.Object, int, java.lang.Object)'> (0x00000000eb7137c8) 
thrown [s\src\hotspot\share\interpreter\linkResolver.cpp, line 759]
Event: 4.359 Thread 0x000001c85dcaa050 Exception <a 'java/lang/NoSuchMethodError'{0x00000000eb717978}: 'java.lang.Object java.lang.invoke.DirectMethodHandle$Holder.invokeSpecial(java.lang.Object, java.lang.Object, java.lang.Object, java.lang.Object, int, java.lang.Object)'> (0x00000000eb717978) 
thrown [s\src\hotspot\share\interpreter\linkResolver.cpp, line 759]
Event: 4.404 Thread 0x000001c85e7700d0 Exception <a 'java/lang/NoSuchMethodError'{0x00000000eb9b33b8}: 'java.lang.Object java.lang.invoke.DirectMethodHandle$Holder.invokeInterface(java.lang.Object, java.lang.Object, java.lang.Object)'> (0x00000000eb9b33b8) 
thrown [s\src\hotspot\share\interpreter\linkResolver.cpp, line 759]
Event: 4.468 Thread 0x000001c85e7700d0 Implicit null exception at 0x000001c8507f5dc9 to 0x000001c8507f5e9c
Event: 4.961 Thread 0x000001c85e7700d0 Implicit null exception at 0x000001c85081c4ca to 0x000001c85081d1ac
Event: 5.209 Thread 0x000001c85e7700d0 Exception <a 'java/lang/reflect/InvocationTargetException'{0x00000000ebad7ee8}> (0x00000000ebad7ee8) 
thrown [s\src\hotspot\share\runtime\reflection.cpp, line 1121]
Event: 5.232 Thread 0x000001c85e7700d0 Exception <a 'java/lang/ClassNotFoundException'{0x00000000ebc50cc8}: sun/util/logging/resources/spi/loggingProvider> (0x00000000ebc50cc8) 
thrown [s\src\hotspot\share\classfile\systemDictionary.cpp, line 256]

VM Operations (20 events):
Event: 4.176 Executing VM operation: ParallelGCFailedAllocation
Event: 4.178 Executing VM operation: ParallelGCFailedAllocation done
Event: 4.242 Executing VM operation: ParallelGCFailedAllocation
Event: 4.246 Executing VM operation: ParallelGCFailedAllocation done
Event: 4.279 Executing VM operation: ParallelGCFailedAllocation
Event: 4.283 Executing VM operation: ParallelGCFailedAllocation done
Event: 4.320 Executing VM operation: ParallelGCFailedAllocation
Event: 4.323 Executing VM operation: ParallelGCFailedAllocation done
Event: 4.423 Executing VM operation: CollectForMetadataAllocation
Event: 4.449 Executing VM operation: CollectForMetadataAllocation done
Event: 4.460 Executing VM operation: HandshakeAllThreads
Event: 4.460 Executing VM operation: HandshakeAllThreads done
Event: 4.538 Executing VM operation: HandshakeAllThreads
Event: 4.539 Executing VM operation: HandshakeAllThreads done
Event: 4.714 Executing VM operation: ParallelGCFailedAllocation
Event: 4.715 Executing VM operation: ParallelGCFailedAllocation done
Event: 5.059 Executing VM operation: ParallelGCFailedAllocation
Event: 5.061 Executing VM operation: ParallelGCFailedAllocation done
Event: 5.109 Executing VM operation: ParallelGCFailedAllocation
Event: 5.110 Executing VM operation: ParallelGCFailedAllocation done

Events (20 events):
Event: 5.240 loading class java/util/concurrent/CompletableFuture$UniCompletion done
Event: 5.240 loading class java/util/concurrent/CompletableFuture$UniApply done
Event: 5.240 loading class java/util/concurrent/ForkJoinTask$Aux
Event: 5.240 loading class java/util/concurrent/ForkJoinTask$Aux done
Event: 5.241 loading class java/util/concurrent/CancellationException
Event: 5.241 loading class java/util/concurrent/CancellationException done
Event: 5.241 loading class java/util/concurrent/ForkJoinWorkerThread
Event: 5.241 loading class java/util/concurrent/ForkJoinWorkerThread done
Event: 5.241 loading class java/lang/invoke/VarHandleReferences$Array
Event: 5.242 loading class java/lang/invoke/VarHandleReferences$Array done
Event: 5.243 loading class java/util/concurrent/ForkJoinPool$DefaultCommonPoolForkJoinWorkerThreadFactory$1
Event: 5.243 loading class java/util/concurrent/ForkJoinPool$DefaultCommonPoolForkJoinWorkerThreadFactory$1 done
Event: 5.243 Thread 0x000001c85e76da50 Thread added: 0x000001c85e76da50
Event: 5.243 loading class java/util/concurrent/CompletableFuture$UniAccept
Event: 5.243 loading class java/util/concurrent/CompletableFuture$UniAccept done
Event: 5.244 loading class java/util/concurrent/CompletableFuture$UniExceptionally
Event: 5.244 loading class java/util/concurrent/CompletableFuture$UniExceptionally done
Event: 5.247 loading class java/util/concurrent/CompletionException
Event: 5.247 loading class java/util/concurrent/CompletionException done
Event: 5.255 Thread 0x000001c85e76d580 Thread added: 0x000001c85e76d580


Dynamic libraries:
0x00007ff7375c0000 - 0x00007ff7375ce000 	c:\Users\Dain\.vscode\extensions\redhat.java-1.11.0-win32-x64\jre\17.0.4.1-win32-x86_64\bin\java.exe
0x00007ff84b8d0000 - 0x00007ff84bac8000 	C:\Windows\SYSTEM32\ntdll.dll
0x00007ff84b6e0000 - 0x00007ff84b79d000 	C:\Windows\System32\KERNEL32.DLL
0x00007ff849570000 - 0x00007ff84983e000 	C:\Windows\System32\KERNELBASE.dll
0x00007ff849440000 - 0x00007ff849540000 	C:\Windows\System32\ucrtbase.dll
0x00007ff837230000 - 0x00007ff837249000 	c:\Users\Dain\.vscode\extensions\redhat.java-1.11.0-win32-x64\jre\17.0.4.1-win32-x86_64\bin\VCRUNTIME140.dll
0x00007ff837200000 - 0x00007ff837218000 	c:\Users\Dain\.vscode\extensions\redhat.java-1.11.0-win32-x64\jre\17.0.4.1-win32-x86_64\bin\jli.dll
0x00007ff84aa20000 - 0x00007ff84abc0000 	C:\Windows\System32\USER32.dll
0x00007ff848ff0000 - 0x00007ff849012000 	C:\Windows\System32\win32u.dll
0x00007ff84ad70000 - 0x00007ff84ad9a000 	C:\Windows\System32\GDI32.dll
0x00007ff8491f0000 - 0x00007ff8492fb000 	C:\Windows\System32\gdi32full.dll
0x00007ff849890000 - 0x00007ff84992d000 	C:\Windows\System32\msvcp_win.dll
0x00007ff831270000 - 0x00007ff83150a000 	C:\Windows\WinSxS\amd64_microsoft.windows.common-controls_6595b64144ccf1df_6.0.19041.1110_none_60b5254171f9507e\COMCTL32.dll
0x00007ff84a800000 - 0x00007ff84a89e000 	C:\Windows\System32\msvcrt.dll
0x00007ff84b7a0000 - 0x00007ff84b7d0000 	C:\Windows\System32\IMM32.DLL
0x00007ff841180000 - 0x00007ff84118c000 	c:\Users\Dain\.vscode\extensions\redhat.java-1.11.0-win32-x64\jre\17.0.4.1-win32-x86_64\bin\vcruntime140_1.dll
0x00007ff824a00000 - 0x00007ff824a91000 	c:\Users\Dain\.vscode\extensions\redhat.java-1.11.0-win32-x64\jre\17.0.4.1-win32-x86_64\bin\msvcp140.dll
0x00007fffced50000 - 0x00007fffcf996000 	c:\Users\Dain\.vscode\extensions\redhat.java-1.11.0-win32-x64\jre\17.0.4.1-win32-x86_64\bin\server\jvm.dll
0x00007ff84af50000 - 0x00007ff84affe000 	C:\Windows\System32\ADVAPI32.dll
0x00007ff84b7d0000 - 0x00007ff84b86c000 	C:\Windows\System32\sechost.dll
0x00007ff84a6d0000 - 0x00007ff84a7f5000 	C:\Windows\System32\RPCRT4.dll
0x00007ff84b6d0000 - 0x00007ff84b6d8000 	C:\Windows\System32\PSAPI.DLL
0x00007ff842800000 - 0x00007ff842827000 	C:\Windows\SYSTEM32\WINMM.dll
0x00007ff8422a0000 - 0x00007ff8422a9000 	C:\Windows\SYSTEM32\WSOCK32.dll
0x00007ff84ada0000 - 0x00007ff84ae0b000 	C:\Windows\System32\WS2_32.dll
0x00007ff8432a0000 - 0x00007ff8432aa000 	C:\Windows\SYSTEM32\VERSION.dll
0x00007ff846f00000 - 0x00007ff846f12000 	C:\Windows\SYSTEM32\kernel.appcore.dll
0x00007ff83f830000 - 0x00007ff83f83a000 	c:\Users\Dain\.vscode\extensions\redhat.java-1.11.0-win32-x64\jre\17.0.4.1-win32-x86_64\bin\jimage.dll
0x00007ff840e90000 - 0x00007ff841074000 	C:\Windows\SYSTEM32\DBGHELP.DLL
0x00007ff840dd0000 - 0x00007ff840dfc000 	C:\Windows\SYSTEM32\dbgcore.DLL
0x00007ff8493b0000 - 0x00007ff849432000 	C:\Windows\System32\bcryptPrimitives.dll
0x00007ff83ea60000 - 0x00007ff83ea6e000 	c:\Users\Dain\.vscode\extensions\redhat.java-1.11.0-win32-x64\jre\17.0.4.1-win32-x86_64\bin\instrument.dll
0x00007ff8371d0000 - 0x00007ff8371f5000 	c:\Users\Dain\.vscode\extensions\redhat.java-1.11.0-win32-x64\jre\17.0.4.1-win32-x86_64\bin\java.dll
0x00007ff8359a0000 - 0x00007ff8359b8000 	c:\Users\Dain\.vscode\extensions\redhat.java-1.11.0-win32-x64\jre\17.0.4.1-win32-x86_64\bin\zip.dll
0x00007ff849f80000 - 0x00007ff84a6c3000 	C:\Windows\System32\SHELL32.dll
0x00007ff847100000 - 0x00007ff847895000 	C:\Windows\SYSTEM32\windows.storage.dll
0x00007ff84b120000 - 0x00007ff84b474000 	C:\Windows\System32\combase.dll
0x00007ff848a50000 - 0x00007ff848a80000 	C:\Windows\SYSTEM32\Wldp.dll
0x00007ff84b620000 - 0x00007ff84b6cd000 	C:\Windows\System32\SHCORE.dll
0x00007ff84a920000 - 0x00007ff84a975000 	C:\Windows\System32\shlwapi.dll
0x00007ff848f30000 - 0x00007ff848f4f000 	C:\Windows\SYSTEM32\profapi.dll
0x00007ff834b80000 - 0x00007ff834b99000 	C:\Users\Dain\.vscode\extensions\redhat.java-1.11.0-win32-x64\jre\17.0.4.1-win32-x86_64\bin\net.dll
0x00007ff840ba0000 - 0x00007ff840caa000 	C:\Windows\SYSTEM32\WINHTTP.dll
0x00007ff8487b0000 - 0x00007ff84881a000 	C:\Windows\system32\mswsock.dll
0x00007ff8348b0000 - 0x00007ff8348c5000 	C:\Users\Dain\.vscode\extensions\redhat.java-1.11.0-win32-x64\jre\17.0.4.1-win32-x86_64\bin\nio.dll
0x00007ff83c3f0000 - 0x00007ff83c400000 	c:\Users\Dain\.vscode\extensions\redhat.java-1.11.0-win32-x64\jre\17.0.4.1-win32-x86_64\bin\verify.dll
0x00007ff8335a0000 - 0x00007ff8335de000 	C:\Users\Dain\AppData\Roaming\Code\User\globalStorage\redhat.java\1.11.0\config_ss_win\org.eclipse.equinox.launcher\org.eclipse.equinox.launcher.win32.win32.x86_64_1.2.600.v20220720-1916\eclipse_11700.dll
0x00007ff84b480000 - 0x00007ff84b5aa000 	C:\Windows\System32\ole32.dll
0x00007ff8489a0000 - 0x00007ff8489b8000 	C:\Windows\SYSTEM32\CRYPTSP.dll
0x00007ff8480c0000 - 0x00007ff8480f4000 	C:\Windows\system32\rsaenh.dll
0x00007ff849540000 - 0x00007ff849567000 	C:\Windows\System32\bcrypt.dll
0x00007ff848ef0000 - 0x00007ff848f1e000 	C:\Windows\SYSTEM32\USERENV.dll
0x00007ff8489c0000 - 0x00007ff8489cc000 	C:\Windows\SYSTEM32\CRYPTBASE.dll
0x00007ff848450000 - 0x00007ff84848b000 	C:\Windows\SYSTEM32\IPHLPAPI.DLL
0x00007ff84b610000 - 0x00007ff84b618000 	C:\Windows\System32\NSI.dll
0x00007ff842760000 - 0x00007ff842777000 	C:\Windows\SYSTEM32\dhcpcsvc6.DLL
0x00007ff842740000 - 0x00007ff84275d000 	C:\Windows\SYSTEM32\dhcpcsvc.DLL
0x00007ff8484a0000 - 0x00007ff84856a000 	C:\Windows\SYSTEM32\DNSAPI.dll
0x00007ff829bb0000 - 0x00007ff829bf4000 	C:\Users\Dain\AppData\Local\Temp\jna-2122370\jna11033077499124655389.dll

dbghelp: loaded successfully - version: 4.0.5 - missing functions: none
symbol engine: initialized successfully - sym options: 0x614 - pdb path: .;c:\Users\Dain\.vscode\extensions\redhat.java-1.11.0-win32-x64\jre\17.0.4.1-win32-x86_64\bin;C:\Windows\SYSTEM32;C:\Windows\WinSxS\amd64_microsoft.windows.common-controls_6595b64144ccf1df_6.0.19041.1110_none_60b5254171f9507e;c:\Users\Dain\.vscode\extensions\redhat.java-1.11.0-win32-x64\jre\17.0.4.1-win32-x86_64\bin\server;C:\Users\Dain\AppData\Roaming\Code\User\globalStorage\redhat.java\1.11.0\config_ss_win\org.eclipse.equinox.launcher\org.eclipse.equinox.launcher.win32.win32.x86_64_1.2.600.v20220720-1916;C:\Users\Dain\AppData\Local\Temp\jna-2122370

VM Arguments:
jvm_args: --add-modules=ALL-SYSTEM --add-opens=java.base/java.util=ALL-UNNAMED --add-opens=java.base/java.lang=ALL-UNNAMED --add-opens=java.base/sun.nio.fs=ALL-UNNAMED -Declipse.application=org.eclipse.jdt.ls.core.id1 -Dosgi.bundles.defaultStartLevel=4 -Declipse.product=org.eclipse.jdt.ls.core.product -Djava.import.generatesMetadataFilesAtProjectRoot=false -Dfile.encoding=utf8 -DwatchParentProcess=false -XX:+UseParallelGC -XX:GCTimeRatio=4 -XX:AdaptiveSizePolicyWeight=90 -Dsun.zip.disableMemoryMapping=true -Xmx1G -Xms100m -Xlog:disable -javaagent:c:\Users\Dain\.vscode\extensions\redhat.java-1.11.0-win32-x64\lombok\lombok-1.18.24.jar 
java_command: c:\Users\Dain\.vscode\extensions\redhat.java-1.11.0-win32-x64\server\plugins\org.eclipse.equinox.launcher_1.6.400.v20210924-0641.jar -configuration c:\Users\Dain\AppData\Roaming\Code\User\globalStorage\redhat.java\1.11.0\config_ss_win -data c:\Users\Dain\AppData\Roaming\Code\User\workspaceStorage\65e083cab60cc6c00e24634d902bfc29\redhat.java\ss_ws
java_class_path (initial): c:\Users\Dain\.vscode\extensions\redhat.java-1.11.0-win32-x64\server\plugins\org.eclipse.equinox.launcher_1.6.400.v20210924-0641.jar
Launcher Type: SUN_STANDARD

[Global flags]
    uintx AdaptiveSizePolicyWeight                 = 90                                        {product} {command line}
     intx CICompilerCount                          = 4                                         {product} {ergonomic}
    uintx GCTimeRatio                              = 4                                         {product} {command line}
   size_t InitialHeapSize                          = 104857600                                 {product} {command line}
   size_t MaxHeapSize                              = 1073741824                                {product} {command line}
   size_t MaxNewSize                               = 357564416                                 {product} {ergonomic}
   size_t MinHeapDeltaBytes                        = 524288                                    {product} {ergonomic}
   size_t MinHeapSize                              = 104857600                                 {product} {command line}
   size_t NewSize                                  = 34603008                                  {product} {ergonomic}
    uintx NonNMethodCodeHeapSize                   = 5839372                                {pd product} {ergonomic}
    uintx NonProfiledCodeHeapSize                  = 122909434                              {pd product} {ergonomic}
   size_t OldSize                                  = 70254592                                  {product} {ergonomic}
    uintx ProfiledCodeHeapSize                     = 122909434                              {pd product} {ergonomic}
    uintx ReservedCodeCacheSize                    = 251658240                              {pd product} {ergonomic}
     bool SegmentedCodeCache                       = true                                      {product} {ergonomic}
   size_t SoftMaxHeapSize                          = 1073741824                             {manageable} {ergonomic}
     bool UseCompressedClassPointers               = true                           {product lp64_product} {ergonomic}
     bool UseCompressedOops                        = true                           {product lp64_product} {ergonomic}
     bool UseLargePagesIndividualAllocation        = false                                  {pd product} {ergonomic}
     bool UseParallelGC                            = true                                      {product} {command line}

Logging:
Log output configuration:
 #0: stdout all=off uptime,level,tags
 #1: stderr all=off uptime,level,tags

Environment Variables:
PATH=C:\Program Files\Common Files\Oracle\Java\javapath;C:\Windows\system32;C:\Windows;C:\Windows\System32\Wbem;C:\Windows\System32\WindowsPowerShell\v1.0\;C:\Windows\System32\OpenSSH\;C:\Program Files\Git\cmd;C:\Users\Dain\AppData\Roaming\nvm;C:\Program Files\nodejs;C:\Program Files\Bandizip\;C:\Program Files\dotnet\;C:\Program Files\nodejs\;C:\Users\Dain\apache-maven-3.8.6\bin;C:\Program Files\MySQL\MySQL Shell 8.0\bin\;C:\Users\Dain\AppData\Local\Programs\Python\Python310\Scripts\;C:\Users\Dain\AppData\Local\Programs\Python\Python310\;C:\Users\Dain\AppData\Local\Microsoft\WindowsApps;C:\Users\Dain\AppData\Local\Programs\Microsoft VS Code\bin;C:\Users\Dain\AppData\Roaming\nvm;C:\Program Files\nodejs;C:\Users\Dain\.dotnet\tools;C:\Program Files\JetBrains\IntelliJ IDEA Community Edition 2022.2\bin;;C:\Users\Dain\AppData\Roaming\npm
USERNAME=Dain
OS=Windows_NT
PROCESSOR_IDENTIFIER=Intel64 Family 6 Model 165 Stepping 3, GenuineIntel
TMP=C:\Users\Dain\AppData\Local\Temp
TEMP=C:\Users\Dain\AppData\Local\Temp



---------------  S Y S T E M  ---------------

OS:
 Windows 10 , 64 bit Build 19041 (10.0.19041.1889)
OS uptime: 7 days 20:48 hours

CPU: total 8 (initial active 8) (4 cores per cpu, 2 threads per core) family 6 model 165 stepping 3 microcode 0xe0, cx8, cmov, fxsr, ht, mmx, 3dnowpref, sse, sse2, sse3, ssse3, sse4.1, sse4.2, popcnt, lzcnt, tsc, tscinvbit, avx, avx2, aes, erms, clmul, bmi1, bmi2, adx, fma, vzeroupper, clflush, clflushopt

Memory: 4k page, system-wide physical 16314M (6041M free)
TotalPageFile size 65466M (AvailPageFile size 6M)
current process WorkingSet (physical memory assigned to process): 193M, peak: 193M
current process commit charge ("private bytes"): 281M, peak: 281M

vm_info: OpenJDK 64-Bit Server VM (17.0.4.1+1) for windows-amd64 JRE (17.0.4.1+1), built on Aug 17 2022 07:42:43 by "temurin" with MS VC++ 16.7 (VS2019)

END.
